<?xml version="1.0" encoding="UTF-8"?>
<!-- Generated by org.testng.reporters.JUnitReportReporter -->
<testsuite hostname="DESKTOP-DC3TDDU" failures="0" tests="1" name="TestCases.TC01_Add_Nationalities" time="66.612" errors="0" timestamp="2021-09-07T09:33:47 IST" skipped="0">
  <testcase classname="TestCases.TC01_Add_Nationalities" name="Test1_Nationality" time="66.612"/>
  <system-out/>
</testsuite> <!-- TestCases.TC01_Add_Nationalities -->
