<?xml version="1.0" encoding="UTF-8"?>
<!-- Generated by org.testng.reporters.JUnitReportReporter -->
<testsuite skipped="0" hostname="DESKTOP-JDGVO00" name="Day_002_Java.TC05_Login_NonStatic_Paarameters" tests="1" failures="0" timestamp="2021-01-22T10:17:24 IST" time="19.281" errors="0">
  <testcase name="Login_Test" time="19.281" classname="Day_002_Java.TC05_Login_NonStatic_Paarameters"/>
  <system-out/>
</testsuite> <!-- Day_002_Java.TC05_Login_NonStatic_Paarameters -->
