<?xml version="1.0" encoding="UTF-8"?>
<!-- Generated by org.testng.reporters.JUnitReportReporter -->
<testsuite skipped="0" hostname="DESKTOP-LD07RC1" name="HeadLess_Browser.TC01_HeadLess_Browser" tests="1" failures="0" timestamp="2021-02-15T12:12:44 IST" time="9.585" errors="0">
  <testcase name="HeadLess_Test" time="9.585" classname="HeadLess_Browser.TC01_HeadLess_Browser"/>
  <system-out/>
</testsuite> <!-- HeadLess_Browser.TC01_HeadLess_Browser -->
