<?xml version="1.0" encoding="UTF-8"?>
<!-- Generated by org.testng.reporters.JUnitReportReporter -->
<testsuite skipped="0" hostname="DESKTOP-LD07RC1" name="z_static.LOGIN_STATIC" tests="1" failures="0" timestamp="2021-03-10T14:49:38 IST" time="17.624" errors="0">
  <testcase name="Login_test" time="17.624" classname="z_static.LOGIN_STATIC"/>
  <system-out/>
</testsuite> <!-- z_static.LOGIN_STATIC -->
